org.apache.ambari.server.logging.EclipseLinkLogger.log : i0 = virtualinvoke r1.<org.eclipse.persistence.logging.SessionLogEntry: int getLevel()>() >>>>>>>> org.apache.ambari.server.logging.EclipseLinkLogger.log : $r2 = virtualinvoke r1.<org.eclipse.persistence.logging.SessionLogEntry: java.lang.String getNameSpace()>()
org.apache.ambari.server.logging.EclipseLinkLogger.log : $r2 = virtualinvoke r1.<org.eclipse.persistence.logging.SessionLogEntry: java.lang.String getNameSpace()>() >>>>>>>> org.apache.ambari.server.logging.EclipseLinkLogger.log : $z0 = virtualinvoke r0.<org.apache.ambari.server.logging.EclipseLinkLogger: boolean shouldLog(int,java.lang.String)>(i0, $r2)
org.apache.ambari.server.logging.EclipseLinkLogger.log : $z0 = virtualinvoke r0.<org.apache.ambari.server.logging.EclipseLinkLogger: boolean shouldLog(int,java.lang.String)>(i0, $r2) >>>>>>>> org.apache.ambari.server.logging.EclipseLinkLogger.log : if $z0 != 0
org.apache.ambari.server.logging.EclipseLinkLogger.log : if $z0 != 0 >>>>>>>> org.apache.ambari.server.logging.EclipseLinkLogger.log : return
org.apache.ambari.server.logging.EclipseLinkLogger.log : if $z0 != 0 >>>>>>>> org.apache.ambari.server.logging.EclipseLinkLogger.log : tableswitch(i0) {     case 0:
org.apache.ambari.server.logging.EclipseLinkLogger.log : tableswitch(i0) {     case 0: >>>>>>>> org.apache.ambari.server.logging.EclipseLinkLogger.log : $r4 = <org.apache.ambari.server.logging.EclipseLinkLogger: org.slf4j.Logger JPA_LOG>
org.apache.ambari.server.logging.EclipseLinkLogger.log : tableswitch(i0) {     case 0: >>>>>>>> org.apache.ambari.server.logging.EclipseLinkLogger.log : $r20 = <org.apache.ambari.server.logging.EclipseLinkLogger: org.slf4j.Logger JPA_LOG>
org.apache.ambari.server.logging.EclipseLinkLogger.log : tableswitch(i0) {     case 0: >>>>>>>> org.apache.ambari.server.logging.EclipseLinkLogger.log : $r16 = <org.apache.ambari.server.logging.EclipseLinkLogger: org.slf4j.Logger JPA_LOG>
org.apache.ambari.server.logging.EclipseLinkLogger.log : tableswitch(i0) {     case 0: >>>>>>>> org.apache.ambari.server.logging.EclipseLinkLogger.log : $r12 = <org.apache.ambari.server.logging.EclipseLinkLogger: org.slf4j.Logger JPA_LOG>
org.apache.ambari.server.logging.EclipseLinkLogger.log : tableswitch(i0) {     case 0: >>>>>>>> org.apache.ambari.server.logging.EclipseLinkLogger.log : $r8 = <org.apache.ambari.server.logging.EclipseLinkLogger: org.slf4j.Logger JPA_LOG>
org.apache.ambari.server.logging.EclipseLinkLogger.log : tableswitch(i0) {     case 0: >>>>>>>> org.apache.ambari.server.logging.EclipseLinkLogger.log : return
org.apache.ambari.server.logging.EclipseLinkLogger.log : tableswitch(i0) {     case 0: >>>>>>>> org.apache.ambari.server.logging.EclipseLinkLogger.log : $r24 = <org.apache.ambari.server.logging.EclipseLinkLogger: org.slf4j.Logger JPA_LOG>
org.apache.ambari.server.logging.EclipseLinkLogger.log : $r24 = <org.apache.ambari.server.logging.EclipseLinkLogger: org.slf4j.Logger JPA_LOG> >>>>>>>> org.apache.ambari.server.logging.EclipseLinkLogger.log : $r23 = newarray (java.lang.Object)[3]
org.apache.ambari.server.logging.EclipseLinkLogger.log : $r23 = newarray (java.lang.Object)[3] >>>>>>>> org.apache.ambari.server.logging.EclipseLinkLogger.log : $r23[0] = "Unknown"
org.apache.ambari.server.logging.EclipseLinkLogger.log : $r23[0] = "Unknown" >>>>>>>> org.apache.ambari.server.logging.EclipseLinkLogger.log : $r25 = virtualinvoke r0.<org.apache.ambari.server.logging.EclipseLinkLogger: java.lang.String getSupplementDetailString(org.eclipse.persistence.logging.SessionLogEntry)>(r1)
org.apache.ambari.server.logging.EclipseLinkLogger.log : $r25 = virtualinvoke r0.<org.apache.ambari.server.logging.EclipseLinkLogger: java.lang.String getSupplementDetailString(org.eclipse.persistence.logging.SessionLogEntry)>(r1) >>>>>>>> org.apache.ambari.server.logging.EclipseLinkLogger.log : $r23[1] = $r25
org.apache.ambari.server.logging.EclipseLinkLogger.log : $r23[1] = $r25 >>>>>>>> org.apache.ambari.server.logging.EclipseLinkLogger.log : $r26 = virtualinvoke r0.<org.apache.ambari.server.logging.EclipseLinkLogger: java.lang.String formatMessage(org.eclipse.persistence.logging.SessionLogEntry)>(r1)
org.apache.ambari.server.logging.EclipseLinkLogger.log : $r26 = virtualinvoke r0.<org.apache.ambari.server.logging.EclipseLinkLogger: java.lang.String formatMessage(org.eclipse.persistence.logging.SessionLogEntry)>(r1) >>>>>>>> org.apache.ambari.server.logging.EclipseLinkLogger.log : $r23[2] = $r26
org.apache.ambari.server.logging.EclipseLinkLogger.log : $r23[2] = $r26 >>>>>>>> org.apache.ambari.server.logging.EclipseLinkLogger.log : interfaceinvoke $r24.<org.slf4j.Logger: void debug(java.lang.String,java.lang.Object[])>("[EL {}]: {} {}", $r23)
org.apache.ambari.server.logging.EclipseLinkLogger.log : interfaceinvoke $r24.<org.slf4j.Logger: void debug(java.lang.String,java.lang.Object[])>("[EL {}]: {} {}", $r23) >>>>>>>> org.apache.ambari.server.logging.EclipseLinkLogger.log : return
org.apache.ambari.server.logging.EclipseLinkLogger.log : $r8 = <org.apache.ambari.server.logging.EclipseLinkLogger: org.slf4j.Logger JPA_LOG> >>>>>>>> org.apache.ambari.server.logging.EclipseLinkLogger.log : $r7 = newarray (java.lang.Object)[3]
org.apache.ambari.server.logging.EclipseLinkLogger.log : $r7 = newarray (java.lang.Object)[3] >>>>>>>> org.apache.ambari.server.logging.EclipseLinkLogger.log : $r7[0] = "Error"
org.apache.ambari.server.logging.EclipseLinkLogger.log : $r7[0] = "Error" >>>>>>>> org.apache.ambari.server.logging.EclipseLinkLogger.log : $r9 = virtualinvoke r0.<org.apache.ambari.server.logging.EclipseLinkLogger: java.lang.String getSupplementDetailString(org.eclipse.persistence.logging.SessionLogEntry)>(r1)
org.apache.ambari.server.logging.EclipseLinkLogger.log : $r9 = virtualinvoke r0.<org.apache.ambari.server.logging.EclipseLinkLogger: java.lang.String getSupplementDetailString(org.eclipse.persistence.logging.SessionLogEntry)>(r1) >>>>>>>> org.apache.ambari.server.logging.EclipseLinkLogger.log : $r7[1] = $r9
org.apache.ambari.server.logging.EclipseLinkLogger.log : $r7[1] = $r9 >>>>>>>> org.apache.ambari.server.logging.EclipseLinkLogger.log : $r10 = virtualinvoke r0.<org.apache.ambari.server.logging.EclipseLinkLogger: java.lang.String formatMessage(org.eclipse.persistence.logging.SessionLogEntry)>(r1)
org.apache.ambari.server.logging.EclipseLinkLogger.log : $r10 = virtualinvoke r0.<org.apache.ambari.server.logging.EclipseLinkLogger: java.lang.String formatMessage(org.eclipse.persistence.logging.SessionLogEntry)>(r1) >>>>>>>> org.apache.ambari.server.logging.EclipseLinkLogger.log : $r7[2] = $r10
org.apache.ambari.server.logging.EclipseLinkLogger.log : $r7[2] = $r10 >>>>>>>> org.apache.ambari.server.logging.EclipseLinkLogger.log : interfaceinvoke $r8.<org.slf4j.Logger: void error(java.lang.String,java.lang.Object[])>("[EL {}]: {} {}", $r7)
org.apache.ambari.server.logging.EclipseLinkLogger.log : interfaceinvoke $r8.<org.slf4j.Logger: void error(java.lang.String,java.lang.Object[])>("[EL {}]: {} {}", $r7) >>>>>>>> org.apache.ambari.server.logging.EclipseLinkLogger.log : return
org.apache.ambari.server.logging.EclipseLinkLogger.log : $r12 = <org.apache.ambari.server.logging.EclipseLinkLogger: org.slf4j.Logger JPA_LOG> >>>>>>>> org.apache.ambari.server.logging.EclipseLinkLogger.log : $r11 = newarray (java.lang.Object)[3]
org.apache.ambari.server.logging.EclipseLinkLogger.log : $r11 = newarray (java.lang.Object)[3] >>>>>>>> org.apache.ambari.server.logging.EclipseLinkLogger.log : $r11[0] = "Warning"
org.apache.ambari.server.logging.EclipseLinkLogger.log : $r11[0] = "Warning" >>>>>>>> org.apache.ambari.server.logging.EclipseLinkLogger.log : $r13 = virtualinvoke r0.<org.apache.ambari.server.logging.EclipseLinkLogger: java.lang.String getSupplementDetailString(org.eclipse.persistence.logging.SessionLogEntry)>(r1)
org.apache.ambari.server.logging.EclipseLinkLogger.log : $r13 = virtualinvoke r0.<org.apache.ambari.server.logging.EclipseLinkLogger: java.lang.String getSupplementDetailString(org.eclipse.persistence.logging.SessionLogEntry)>(r1) >>>>>>>> org.apache.ambari.server.logging.EclipseLinkLogger.log : $r11[1] = $r13
org.apache.ambari.server.logging.EclipseLinkLogger.log : $r11[1] = $r13 >>>>>>>> org.apache.ambari.server.logging.EclipseLinkLogger.log : $r14 = virtualinvoke r0.<org.apache.ambari.server.logging.EclipseLinkLogger: java.lang.String formatMessage(org.eclipse.persistence.logging.SessionLogEntry)>(r1)
org.apache.ambari.server.logging.EclipseLinkLogger.log : $r14 = virtualinvoke r0.<org.apache.ambari.server.logging.EclipseLinkLogger: java.lang.String formatMessage(org.eclipse.persistence.logging.SessionLogEntry)>(r1) >>>>>>>> org.apache.ambari.server.logging.EclipseLinkLogger.log : $r11[2] = $r14
org.apache.ambari.server.logging.EclipseLinkLogger.log : $r11[2] = $r14 >>>>>>>> org.apache.ambari.server.logging.EclipseLinkLogger.log : interfaceinvoke $r12.<org.slf4j.Logger: void warn(java.lang.String,java.lang.Object[])>("[EL {}]: {} {}", $r11)
org.apache.ambari.server.logging.EclipseLinkLogger.log : interfaceinvoke $r12.<org.slf4j.Logger: void warn(java.lang.String,java.lang.Object[])>("[EL {}]: {} {}", $r11) >>>>>>>> org.apache.ambari.server.logging.EclipseLinkLogger.log : return
org.apache.ambari.server.logging.EclipseLinkLogger.log : $r16 = <org.apache.ambari.server.logging.EclipseLinkLogger: org.slf4j.Logger JPA_LOG> >>>>>>>> org.apache.ambari.server.logging.EclipseLinkLogger.log : $r15 = newarray (java.lang.Object)[3]
org.apache.ambari.server.logging.EclipseLinkLogger.log : $r15 = newarray (java.lang.Object)[3] >>>>>>>> org.apache.ambari.server.logging.EclipseLinkLogger.log : $r15[0] = "Info"
org.apache.ambari.server.logging.EclipseLinkLogger.log : $r15[0] = "Info" >>>>>>>> org.apache.ambari.server.logging.EclipseLinkLogger.log : $r17 = virtualinvoke r0.<org.apache.ambari.server.logging.EclipseLinkLogger: java.lang.String getSupplementDetailString(org.eclipse.persistence.logging.SessionLogEntry)>(r1)
org.apache.ambari.server.logging.EclipseLinkLogger.log : $r17 = virtualinvoke r0.<org.apache.ambari.server.logging.EclipseLinkLogger: java.lang.String getSupplementDetailString(org.eclipse.persistence.logging.SessionLogEntry)>(r1) >>>>>>>> org.apache.ambari.server.logging.EclipseLinkLogger.log : $r15[1] = $r17
org.apache.ambari.server.logging.EclipseLinkLogger.log : $r15[1] = $r17 >>>>>>>> org.apache.ambari.server.logging.EclipseLinkLogger.log : $r18 = virtualinvoke r0.<org.apache.ambari.server.logging.EclipseLinkLogger: java.lang.String formatMessage(org.eclipse.persistence.logging.SessionLogEntry)>(r1)
org.apache.ambari.server.logging.EclipseLinkLogger.log : $r18 = virtualinvoke r0.<org.apache.ambari.server.logging.EclipseLinkLogger: java.lang.String formatMessage(org.eclipse.persistence.logging.SessionLogEntry)>(r1) >>>>>>>> org.apache.ambari.server.logging.EclipseLinkLogger.log : $r15[2] = $r18
org.apache.ambari.server.logging.EclipseLinkLogger.log : $r15[2] = $r18 >>>>>>>> org.apache.ambari.server.logging.EclipseLinkLogger.log : interfaceinvoke $r16.<org.slf4j.Logger: void info(java.lang.String,java.lang.Object[])>("[EL {}]: {} {}", $r15)
org.apache.ambari.server.logging.EclipseLinkLogger.log : interfaceinvoke $r16.<org.slf4j.Logger: void info(java.lang.String,java.lang.Object[])>("[EL {}]: {} {}", $r15) >>>>>>>> org.apache.ambari.server.logging.EclipseLinkLogger.log : return
org.apache.ambari.server.logging.EclipseLinkLogger.log : $r20 = <org.apache.ambari.server.logging.EclipseLinkLogger: org.slf4j.Logger JPA_LOG> >>>>>>>> org.apache.ambari.server.logging.EclipseLinkLogger.log : $r19 = newarray (java.lang.Object)[3]
org.apache.ambari.server.logging.EclipseLinkLogger.log : $r19 = newarray (java.lang.Object)[3] >>>>>>>> org.apache.ambari.server.logging.EclipseLinkLogger.log : $r19[0] = "Debug"
org.apache.ambari.server.logging.EclipseLinkLogger.log : $r19[0] = "Debug" >>>>>>>> org.apache.ambari.server.logging.EclipseLinkLogger.log : $r21 = virtualinvoke r0.<org.apache.ambari.server.logging.EclipseLinkLogger: java.lang.String getSupplementDetailString(org.eclipse.persistence.logging.SessionLogEntry)>(r1)
org.apache.ambari.server.logging.EclipseLinkLogger.log : $r21 = virtualinvoke r0.<org.apache.ambari.server.logging.EclipseLinkLogger: java.lang.String getSupplementDetailString(org.eclipse.persistence.logging.SessionLogEntry)>(r1) >>>>>>>> org.apache.ambari.server.logging.EclipseLinkLogger.log : $r19[1] = $r21
org.apache.ambari.server.logging.EclipseLinkLogger.log : $r19[1] = $r21 >>>>>>>> org.apache.ambari.server.logging.EclipseLinkLogger.log : $r22 = virtualinvoke r0.<org.apache.ambari.server.logging.EclipseLinkLogger: java.lang.String formatMessage(org.eclipse.persistence.logging.SessionLogEntry)>(r1)
org.apache.ambari.server.logging.EclipseLinkLogger.log : $r22 = virtualinvoke r0.<org.apache.ambari.server.logging.EclipseLinkLogger: java.lang.String formatMessage(org.eclipse.persistence.logging.SessionLogEntry)>(r1) >>>>>>>> org.apache.ambari.server.logging.EclipseLinkLogger.log : $r19[2] = $r22
org.apache.ambari.server.logging.EclipseLinkLogger.log : $r19[2] = $r22 >>>>>>>> org.apache.ambari.server.logging.EclipseLinkLogger.log : interfaceinvoke $r20.<org.slf4j.Logger: void debug(java.lang.String,java.lang.Object[])>("[EL {}]: {} {}", $r19)
org.apache.ambari.server.logging.EclipseLinkLogger.log : interfaceinvoke $r20.<org.slf4j.Logger: void debug(java.lang.String,java.lang.Object[])>("[EL {}]: {} {}", $r19) >>>>>>>> org.apache.ambari.server.logging.EclipseLinkLogger.log : return
org.apache.ambari.server.logging.EclipseLinkLogger.log : $r4 = <org.apache.ambari.server.logging.EclipseLinkLogger: org.slf4j.Logger JPA_LOG> >>>>>>>> org.apache.ambari.server.logging.EclipseLinkLogger.log : $r3 = newarray (java.lang.Object)[3]
org.apache.ambari.server.logging.EclipseLinkLogger.log : $r3 = newarray (java.lang.Object)[3] >>>>>>>> org.apache.ambari.server.logging.EclipseLinkLogger.log : $r3[0] = "Trace"
org.apache.ambari.server.logging.EclipseLinkLogger.log : $r3[0] = "Trace" >>>>>>>> org.apache.ambari.server.logging.EclipseLinkLogger.log : $r5 = virtualinvoke r0.<org.apache.ambari.server.logging.EclipseLinkLogger: java.lang.String getSupplementDetailString(org.eclipse.persistence.logging.SessionLogEntry)>(r1)
org.apache.ambari.server.logging.EclipseLinkLogger.log : $r5 = virtualinvoke r0.<org.apache.ambari.server.logging.EclipseLinkLogger: java.lang.String getSupplementDetailString(org.eclipse.persistence.logging.SessionLogEntry)>(r1) >>>>>>>> org.apache.ambari.server.logging.EclipseLinkLogger.log : $r3[1] = $r5
org.apache.ambari.server.logging.EclipseLinkLogger.log : $r3[1] = $r5 >>>>>>>> org.apache.ambari.server.logging.EclipseLinkLogger.log : $r6 = virtualinvoke r0.<org.apache.ambari.server.logging.EclipseLinkLogger: java.lang.String formatMessage(org.eclipse.persistence.logging.SessionLogEntry)>(r1)
org.apache.ambari.server.logging.EclipseLinkLogger.log : $r6 = virtualinvoke r0.<org.apache.ambari.server.logging.EclipseLinkLogger: java.lang.String formatMessage(org.eclipse.persistence.logging.SessionLogEntry)>(r1) >>>>>>>> org.apache.ambari.server.logging.EclipseLinkLogger.log : $r3[2] = $r6
org.apache.ambari.server.logging.EclipseLinkLogger.log : $r3[2] = $r6 >>>>>>>> org.apache.ambari.server.logging.EclipseLinkLogger.log : interfaceinvoke $r4.<org.slf4j.Logger: void trace(java.lang.String,java.lang.Object[])>("[EL {}]: {} {}", $r3)
org.apache.ambari.server.logging.EclipseLinkLogger.log : interfaceinvoke $r4.<org.slf4j.Logger: void trace(java.lang.String,java.lang.Object[])>("[EL {}]: {} {}", $r3) >>>>>>>> org.apache.ambari.server.logging.EclipseLinkLogger.log : return
